<?xml version="1.0" encoding="UTF-8"?>
<!-- Generated by org.testng.reporters.JUnitReportReporter -->
<testsuite skipped="0" hostname="DESKTOP-E5Q88GK" name="com.fasttrack22.MenTshirtsTests" tests="1" failures="0" timestamp="2022-10-14T22:39:33 IST" time="28.927" errors="0">
  <testcase name="verifyIfSearchByPopularityYeildsProperResults" time="28.927" classname="com.fasttrack22.MenTshirtsTests"/>
  <system-out/>
</testsuite> <!-- com.fasttrack22.MenTshirtsTests -->
