<?xml version="1.0" encoding="UTF-8"?>
<!-- Generated by org.testng.reporters.JUnitReportReporter -->
<testsuite skipped="0" hostname="DESKTOP-E5Q88GK" name="com.fasttrack22.ProductTestCase" tests="1" failures="0" timestamp="2022-09-29T17:02:34 IST" time="66.637" errors="0">
  <testcase name="verifySearchResultForPoloMen" time="66.637" classname="com.fasttrack22.ProductTestCase"/>
  <system-out/>
</testsuite> <!-- com.fasttrack22.ProductTestCase -->
